<?xml version="1.0" encoding="UTF-8"?>
<testsuites>
  <testsuite name="fastlane.lanes">
    
    
    
      
      <testcase classname="fastlane.lanes" name="0: default_platform" time="0.0053491">
        
      </testcase>
    
      
      <testcase classname="fastlane.lanes" name="1: test" time="180.071933">
        
          <failure message="C:/Ruby26-x64/lib/ruby/gems/2.6.0/gems/fastlane-2.175.0/fastlane/lib/fastlane/actions/actions_helper.rb:67:in `execute_action'&#10;C:/Ruby26-x64/lib/ruby/gems/2.6.0/gems/fastlane-2.175.0/fastlane/lib/fastlane/runner.rb:255:in `block in execute_action'&#10;C:/Ruby26-x64/lib/ruby/gems/2.6.0/gems/fastlane-2.175.0/fastlane/lib/fastlane/runner.rb:229:in `chdir'&#10;C:/Ruby26-x64/lib/ruby/gems/2.6.0/gems/fastlane-2.175.0/fastlane/lib/fastlane/runner.rb:229:in `execute_action'&#10;C:/Ruby26-x64/lib/ruby/gems/2.6.0/gems/fastlane-2.175.0/fastlane/lib/fastlane/runner.rb:157:in `trigger_action_by_name'&#10;C:/Ruby26-x64/lib/ruby/gems/2.6.0/gems/fastlane-2.175.0/fastlane/lib/fastlane/fast_file.rb:159:in `method_missing'&#10;Fastfile:21:in `block (2 levels) in parsing_binding'&#10;C:/Ruby26-x64/lib/ruby/gems/2.6.0/gems/fastlane-2.175.0/fastlane/lib/fastlane/lane.rb:33:in `call'&#10;C:/Ruby26-x64/lib/ruby/gems/2.6.0/gems/fastlane-2.175.0/fastlane/lib/fastlane/runner.rb:49:in `block in execute'&#10;C:/Ruby26-x64/lib/ruby/gems/2.6.0/gems/fastlane-2.175.0/fastlane/lib/fastlane/runner.rb:45:in `chdir'&#10;C:/Ruby26-x64/lib/ruby/gems/2.6.0/gems/fastlane-2.175.0/fastlane/lib/fastlane/runner.rb:45:in `execute'&#10;C:/Ruby26-x64/lib/ruby/gems/2.6.0/gems/fastlane-2.175.0/fastlane/lib/fastlane/lane_manager.rb:47:in `cruise_lane'&#10;C:/Ruby26-x64/lib/ruby/gems/2.6.0/gems/fastlane-2.175.0/fastlane/lib/fastlane/command_line_handler.rb:36:in `handle'&#10;C:/Ruby26-x64/lib/ruby/gems/2.6.0/gems/fastlane-2.175.0/fastlane/lib/fastlane/commands_generator.rb:108:in `block (2 levels) in run'&#10;C:/Ruby26-x64/lib/ruby/gems/2.6.0/gems/commander-fastlane-4.4.6/lib/commander/command.rb:178:in `call'&#10;C:/Ruby26-x64/lib/ruby/gems/2.6.0/gems/commander-fastlane-4.4.6/lib/commander/command.rb:153:in `run'&#10;C:/Ruby26-x64/lib/ruby/gems/2.6.0/gems/commander-fastlane-4.4.6/lib/commander/runner.rb:476:in `run_active_command'&#10;C:/Ruby26-x64/lib/ruby/gems/2.6.0/gems/fastlane-2.175.0/fastlane_core/lib/fastlane_core/ui/fastlane_runner.rb:76:in `run!'&#10;C:/Ruby26-x64/lib/ruby/gems/2.6.0/gems/commander-fastlane-4.4.6/lib/commander/delegates.rb:15:in `run!'&#10;C:/Ruby26-x64/lib/ruby/gems/2.6.0/gems/fastlane-2.175.0/fastlane/lib/fastlane/commands_generator.rb:352:in `run'&#10;C:/Ruby26-x64/lib/ruby/gems/2.6.0/gems/fastlane-2.175.0/fastlane/lib/fastlane/commands_generator.rb:41:in `start'&#10;C:/Ruby26-x64/lib/ruby/gems/2.6.0/gems/fastlane-2.175.0/fastlane/lib/fastlane/cli_tools_distributor.rb:122:in `take_off'&#10;C:/Ruby26-x64/lib/ruby/gems/2.6.0/gems/fastlane-2.175.0/bin/fastlane:23:in `&lt;top (required)&gt;'&#10;C:/Ruby26-x64/bin/fastlane:23:in `load'&#10;C:/Ruby26-x64/bin/fastlane:23:in `&lt;main&gt;'&#10;&#10;Exit status of command 'F:/AndroidStudioProjects/DroidHub/gradlew test -p .' was 1 instead of 0.&#10;Starting a Gradle Daemon, 1 incompatible Daemon could not be reused, use --status for details&#10;&#10;&gt; Configure project :app&#10;WARNING: API 'BaseVariant.getApplicationIdTextResource' is obsolete and has been replaced with 'VariantProperties.applicationId'.&#10;It will be removed in version 5.0 of the Android Gradle plugin.&#10;For more information, see TBD.&#10;To determine what is calling BaseVariant.getApplicationIdTextResource, use -Pandroid.debug.obsoleteApi=true on the command line to display more information.&#10;&#10;&gt; Task :app:preBuild UP-TO-DATE&#10;&gt; Task :app:preDebugBuild UP-TO-DATE&#10;&gt; Task :app:compileDebugAidl NO-SOURCE&#10;&gt; Task :app:compileDebugRenderscript NO-SOURCE&#10;&gt; Task :app:dataBindingMergeDependencyArtifactsDebug&#10;&gt; Task :app:dataBindingMergeDependencyArtifactsDebug UP-TO-DATE&#10;&gt; Task :app:dataBindingMergeGenClassesDebug UP-TO-DATE&#10;&gt; Task :app:generateDebugResValues UP-TO-DATE&#10;&gt; Task :app:generateDebugResources UP-TO-DATE&#10;&gt; Task :app:processDebugGoogleServices UP-TO-DATE&#10;&gt; Task :app:mergeDebugResources UP-TO-DATE&#10;&gt; Task :app:dataBindingGenBaseClassesDebug UP-TO-DATE&#10;&gt; Task :app:generateDebugBuildConfig UP-TO-DATE&#10;&gt; Task :app:writeDebugApplicationId UP-TO-DATE&#10;&gt; Task :app:generateSafeArgsDebug UP-TO-DATE&#10;&gt; Task :app:checkDebugAarMetadata UP-TO-DATE&#10;&gt; Task :app:createDebugCompatibleScreenManifests UP-TO-DATE&#10;&gt; Task :app:extractDeepLinksDebug UP-TO-DATE&#10;&gt; Task :app:processDebugMainManifest&#10;&gt; Task :app:processDebugManifest&#10;&gt; Task :app:javaPreCompileDebug UP-TO-DATE&#10;&gt; Task :app:preDebugUnitTestBuild UP-TO-DATE&#10;&gt; Task :app:processDebugJavaRes NO-SOURCE&#10;&gt; Task :app:processDebugUnitTestJavaRes NO-SOURCE&#10;&gt; Task :app:javaPreCompileDebugUnitTest&#10;&gt; Task :app:extractProguardFiles UP-TO-DATE&#10;&gt; Task :app:preReleaseBuild UP-TO-DATE&#10;&gt; Task :app:compileReleaseAidl NO-SOURCE&#10;&gt; Task :app:compileReleaseRenderscript NO-SOURCE&#10;&gt; Task :app:dataBindingMergeDependencyArtifactsRelease UP-TO-DATE&#10;&gt; Task :app:dataBindingMergeGenClassesRelease UP-TO-DATE&#10;&gt; Task :app:generateReleaseResValues UP-TO-DATE&#10;&gt; Task :app:generateReleaseResources UP-TO-DATE&#10;&gt; Task :app:processReleaseGoogleServices UP-TO-DATE&#10;&gt; Task :app:mergeReleaseResources UP-TO-DATE&#10;&gt; Task :app:dataBindingGenBaseClassesRelease UP-TO-DATE&#10;&gt; Task :app:generateReleaseBuildConfig UP-TO-DATE&#10;&gt; Task :app:writeReleaseApplicationId UP-TO-DATE&#10;&gt; Task :app:generateSafeArgsRelease UP-TO-DATE&#10;&gt; Task :app:checkReleaseAarMetadata UP-TO-DATE&#10;&gt; Task :app:createReleaseCompatibleScreenManifests&#10;&gt; Task :app:extractDeepLinksRelease UP-TO-DATE&#10;&gt; Task :app:processReleaseMainManifest&#10;&gt; Task :app:processReleaseManifest&#10;&gt; Task :app:processReleaseManifestForPackage UP-TO-DATE&#10;&gt; Task :app:processDebugManifestForPackage&#10;&gt; Task :app:processReleaseResources&#10;&gt; Task :app:compileReleaseKotlin FAILED&#10;&#10;FAILURE: Build failed with an exception.&#10;&#10;* What went wrong:&#10;Execution failed for task ':app:compileReleaseKotlin'.&#10;&gt; Kotlin could not find the required JDK tools in the Java installation 'C:\Program Files\Java\jre1.8.0_281' used by Gradle. Make sure Gradle is running on a JDK, not JRE.&#10;&#10;* Try:&#10;Run with --stacktrace option to get the stack trace. Run with --info or --debug option to get more log output. Run with --scan to get full insights.&#10;&#10;* Get more help at https://help.gradle.org&#10;&#10;BUILD FAILED in 2m 53s&#10;35 actionable tasks: 9 executed, 26 up-to-date&#10;" />
        
      </testcase>
    
  </testsuite>
</testsuites>
